<?xml version="1.0" encoding="UTF-8"?>
<!-- Generated by org.testng.reporters.JUnitReportReporter -->
<testsuite hostname="admin-PC" name="DurgasirCollection.Flipkart" tests="7" failures="0" timestamp="28 Feb 2018 14:07:28 GMT" time="0.027" errors="0">
  <testcase name="buyProducts" time="0.002" classname="DurgasirCollection.Flipkart"/>
  <testcase name="buyProducts" time="0.002" classname="DurgasirCollection.Flipkart"/>
  <testcase name="buyProducts" time="0.002" classname="DurgasirCollection.Flipkart"/>
  <testcase name="buyProducts" time="0.002" classname="DurgasirCollection.Flipkart"/>
  <testcase name="buyProducts" time="0.002" classname="DurgasirCollection.Flipkart"/>
  <testcase name="buyProducts" time="0.016" classname="DurgasirCollection.Flipkart"/>
  <testcase name="buyProducts" time="0.001" classname="DurgasirCollection.Flipkart"/>
</testsuite> <!-- DurgasirCollection.Flipkart -->
